# JRE version: Java(TM) SE Runtime Environment 18.9 (11.0.8+10) (build 11.0.8+10-LTS)
# Java VM: Java HotSpot(TM) 64-Bit Server VM 18.9 (11.0.8+10-LTS, mixed mode, tiered, compressed oops, g1 gc, windows-amd64)
Heap:
 garbage-first heap   total 30720K, used 7829K [0x0000000081e00000, 0x0000000100000000)
  region size 1024K, 1 young (1024K), 1 survivors (1024K)
 Metaspace       used 15598K, capacity 15898K, committed 16128K, reserved 1062912K
  class space    used 1620K, capacity 1751K, committed 1792K, reserved 1048576K
GC Heap History (10 events):
Event: 2.652 GC heap after
{Heap after GC invocations=16 (full 0):
 garbage-first heap   total 12288K, used 5471K [0x0000000081e00000, 0x0000000100000000)
  region size 1024K, 1 young (1024K), 1 survivors (1024K)
 Metaspace       used 15365K, capacity 15665K, committed 15872K, reserved 1062912K
  class space    used 1603K, capacity 1738K, committed 1792K, reserved 1048576K
}
Event: 2.659 GC heap before
{Heap before GC invocations=16 (full 0):
 garbage-first heap   total 12288K, used 6495K [0x0000000081e00000, 0x0000000100000000)
  region size 1024K, 2 young (2048K), 1 survivors (1024K)
 Metaspace       used 15398K, capacity 15729K, committed 15872K, reserved 1062912K
  class space    used 1605K, capacity 1738K, committed 1792K, reserved 1048576K
}
Event: 2.662 GC heap after
{Heap after GC invocations=17 (full 0):
 garbage-first heap   total 15360K, used 5726K [0x0000000081e00000, 0x0000000100000000)
  region size 1024K, 1 young (1024K), 1 survivors (1024K)
 Metaspace       used 15398K, capacity 15729K, committed 15872K, reserved 1062912K
  class space    used 1605K, capacity 1738K, committed 1792K, reserved 1048576K
}
Event: 2.678 GC heap before
{Heap before GC invocations=17 (full 0):
 garbage-first heap   total 15360K, used 8798K [0x0000000081e00000, 0x0000000100000000)
  region size 1024K, 4 young (4096K), 1 survivors (1024K)
 Metaspace       used 15401K, capacity 15729K, committed 15872K, reserved 1062912K
  class space    used 1605K, capacity 1738K, committed 1792K, reserved 1048576K
}
Event: 2.681 GC heap after
{Heap after GC invocations=18 (full 0):
 garbage-first heap   total 15360K, used 6090K [0x0000000081e00000, 0x0000000100000000)
  region size 1024K, 1 young (1024K), 1 survivors (1024K)
 Metaspace       used 15401K, capacity 15729K, committed 15872K, reserved 1062912K
  class space    used 1605K, capacity 1738K, committed 1792K, reserved 1048576K
}
Event: 2.727 GC heap before
{Heap before GC invocations=18 (full 0):
 garbage-first heap   total 15360K, used 8138K [0x0000000081e00000, 0x0000000100000000)
  region size 1024K, 3 young (3072K), 1 survivors (1024K)
 Metaspace       used 15464K, capacity 15750K, committed 15872K, reserved 1062912K
  class space    used 1614K, capacity 1745K, committed 1792K, reserved 1048576K
}
Event: 2.731 GC heap after
{Heap after GC invocations=19 (full 0):
 garbage-first heap   total 15360K, used 6516K [0x0000000081e00000, 0x0000000100000000)
  region size 1024K, 1 young (1024K), 1 survivors (1024K)
 Metaspace       used 15464K, capacity 15750K, committed 15872K, reserved 1062912K
  class space    used 1614K, capacity 1745K, committed 1792K, reserved 1048576K
}
Event: 2.768 GC heap before
{Heap before GC invocations=19 (full 0):
 garbage-first heap   total 15360K, used 8564K [0x0000000081e00000, 0x0000000100000000)
  region size 1024K, 3 young (3072K), 1 survivors (1024K)
 Metaspace       used 15511K, capacity 15815K, committed 15872K, reserved 1062912K
  class space    used 1615K, capacity 1745K, committed 1792K, reserved 1048576K
}
Event: 2.772 GC heap after
{Heap after GC invocations=20 (full 0):
 garbage-first heap   total 15360K, used 7023K [0x0000000081e00000, 0x0000000100000000)
  region size 1024K, 1 young (1024K), 1 survivors (1024K)
 Metaspace       used 15511K, capacity 15815K, committed 15872K, reserved 1062912K
  class space    used 1615K, capacity 1745K, committed 1792K, reserved 1048576K
}
Event: 2.843 GC heap before
{Heap before GC invocations=20 (full 0):
 garbage-first heap   total 15360K, used 9071K [0x0000000081e00000, 0x0000000100000000)
  region size 1024K, 3 young (3072K), 1 survivors (1024K)
 Metaspace       used 15598K, capacity 15898K, committed 16128K, reserved 1062912K
  class space    used 1620K, capacity 1751K, committed 1792K, reserved 1048576K
}

